This file contains any messages produced by compilers while
running configure, to aid debugging if configure makes a mistake.

It was created by DircObjs configure 0.0.1, which was
generated by GNU Autoconf 2.69.  Invocation command line was

  $ ../configure --prefix=/Users/wilkacarvalho/libraries

## --------- ##
## Platform. ##
## --------- ##

hostname = Wilkas-MacBook-Air.local
uname -m = x86_64
uname -r = 14.0.0
uname -s = Darwin
uname -v = Darwin Kernel Version 14.0.0: Fri Sep 19 00:26:44 PDT 2014; root:xnu-2782.1.97~2/RELEASE_X86_64

/usr/bin/uname -p = i386
/bin/uname -X     = unknown

/bin/arch              = unknown
/usr/bin/arch -k       = unknown
/usr/convex/getsysinfo = unknown
/usr/bin/hostinfo      = Mach kernel version:
	 Darwin Kernel Version 14.0.0: Fri Sep 19 00:26:44 PDT 2014; root:xnu-2782.1.97~2/RELEASE_X86_64
Kernel configured for up to 4 processors.
2 processors are physically available.
4 processors are logically available.
Processor type: x86_64h (Intel x86-64h Haswell)
Processors active: 0 1 2 3
Primary memory available: 8.00 gigabytes
Default processor set: 223 tasks, 976 threads, 4 processors
Load average: 3.13, Mach factor: 1.25
/bin/machine           = unknown
/usr/bin/oslevel       = unknown
/bin/universe          = unknown

PATH: /Library/Frameworks/Python.framework/Versions/2.7/bin
PATH: /usr/local/bin
PATH: /usr/bin
PATH: /bin
PATH: /usr/sbin
PATH: /sbin
PATH: /opt/X11/bin
PATH: /usr/local/git/bin
PATH: /usr/texbin
PATH: /Users/wilkacarvalho/Applications/root/bin
PATH: /opt/local/bin
PATH: /opt/local/sbin
PATH: /Users/wilkacarvalho/myapps
PATH: /Users/wilkacarvalho/myapps/bin


## ----------- ##
## Core tests. ##
## ----------- ##

configure:2302: checking for a BSD-compatible install
configure:2370: result: /usr/bin/install -c
configure:2381: checking whether build environment is sane
configure:2436: result: yes
configure:2587: checking for a thread-safe mkdir -p
configure:2626: result: ../config/install-sh -c -d
configure:2633: checking for gawk
configure:2649: found /usr/local/bin/gawk
configure:2660: result: gawk
configure:2671: checking whether make sets $(MAKE)
configure:2693: result: yes
configure:2722: checking whether make supports nested variables
configure:2739: result: yes
configure:2924: checking for g++
configure:2940: found /usr/bin/g++
configure:2951: result: g++
configure:2978: checking for C++ compiler version
configure:2987: g++ --version >&5
Apple LLVM version 6.0 (clang-600.0.56) (based on LLVM 3.5svn)
Target: x86_64-apple-darwin14.0.0
Thread model: posix
Configured with: --prefix=/Applications/Xcode.app/Contents/Developer/usr --with-gxx-include-dir=/usr/include/c++/4.2.1
configure:2998: $? = 0
configure:2987: g++ -v >&5
Configured with: --prefix=/Applications/Xcode.app/Contents/Developer/usr --with-gxx-include-dir=/usr/include/c++/4.2.1
Apple LLVM version 6.0 (clang-600.0.56) (based on LLVM 3.5svn)
Target: x86_64-apple-darwin14.0.0
Thread model: posix
configure:2998: $? = 0
configure:2987: g++ -V >&5
clang: error: argument to '-V' is missing (expected 1 value)
clang: error: no input files
configure:2998: $? = 1
configure:2987: g++ -qversion >&5
clang: error: unknown argument: '-qversion'
clang: error: no input files
configure:2998: $? = 1
configure:3018: checking whether the C++ compiler works
configure:3040: g++    conftest.cpp  >&5
configure:3044: $? = 0
configure:3092: result: yes
configure:3095: checking for C++ compiler default output file name
configure:3097: result: a.out
configure:3103: checking for suffix of executables
configure:3110: g++ -o conftest    conftest.cpp  >&5
configure:3114: $? = 0
configure:3136: result: 
configure:3158: checking whether we are cross compiling
configure:3166: g++ -o conftest    conftest.cpp  >&5
configure:3170: $? = 0
configure:3177: ./conftest
configure:3181: $? = 0
configure:3196: result: no
configure:3201: checking for suffix of object files
configure:3223: g++ -c   conftest.cpp >&5
configure:3227: $? = 0
configure:3248: result: o
configure:3252: checking whether we are using the GNU C++ compiler
configure:3271: g++ -c   conftest.cpp >&5
configure:3271: $? = 0
configure:3280: result: yes
configure:3289: checking whether g++ accepts -g
configure:3309: g++ -c -g  conftest.cpp >&5
configure:3309: $? = 0
configure:3350: result: yes
configure:3384: checking for style of include used by make
configure:3412: result: GNU
configure:3438: checking dependency style of g++
configure:3549: result: gcc3
configure:3593: checking build system type
configure:3607: result: x86_64-apple-darwin14.0.0
configure:3627: checking host system type
configure:3640: result: x86_64-apple-darwin14.0.0
configure:3681: checking how to print strings
configure:3708: result: printf
configure:3777: checking for gcc
configure:3793: found /usr/bin/gcc
configure:3804: result: gcc
configure:4033: checking for C compiler version
configure:4042: gcc --version >&5
Apple LLVM version 6.0 (clang-600.0.56) (based on LLVM 3.5svn)
Target: x86_64-apple-darwin14.0.0
Thread model: posix
Configured with: --prefix=/Applications/Xcode.app/Contents/Developer/usr --with-gxx-include-dir=/usr/include/c++/4.2.1
configure:4053: $? = 0
configure:4042: gcc -v >&5
Configured with: --prefix=/Applications/Xcode.app/Contents/Developer/usr --with-gxx-include-dir=/usr/include/c++/4.2.1
Apple LLVM version 6.0 (clang-600.0.56) (based on LLVM 3.5svn)
Target: x86_64-apple-darwin14.0.0
Thread model: posix
configure:4053: $? = 0
configure:4042: gcc -V >&5
clang: error: argument to '-V' is missing (expected 1 value)
clang: error: no input files
configure:4053: $? = 1
configure:4042: gcc -qversion >&5
clang: error: unknown argument: '-qversion'
clang: error: no input files
configure:4053: $? = 1
configure:4057: checking whether we are using the GNU C compiler
configure:4076: gcc -c   conftest.c >&5
configure:4076: $? = 0
configure:4085: result: yes
configure:4094: checking whether gcc accepts -g
configure:4114: gcc -c -g  conftest.c >&5
configure:4114: $? = 0
configure:4155: result: yes
configure:4172: checking for gcc option to accept ISO C89
configure:4235: gcc  -c -g -O2  conftest.c >&5
configure:4235: $? = 0
configure:4248: result: none needed
configure:4273: checking whether gcc understands -c and -o together
configure:4295: gcc -c conftest.c -o conftest2.o
configure:4298: $? = 0
configure:4295: gcc -c conftest.c -o conftest2.o
configure:4298: $? = 0
configure:4310: result: yes
configure:4329: checking dependency style of gcc
configure:4440: result: gcc3
configure:4455: checking for a sed that does not truncate output
configure:4519: result: /usr/bin/sed
configure:4537: checking for grep that handles long lines and -e
configure:4595: result: /usr/bin/grep
configure:4600: checking for egrep
configure:4662: result: /usr/bin/grep -E
configure:4667: checking for fgrep
configure:4729: result: /usr/bin/grep -F
configure:4764: checking for ld used by gcc
configure:4831: result: /Applications/Xcode.app/Contents/Developer/Toolchains/XcodeDefault.xctoolchain/usr/bin/ld
configure:4838: checking if the linker (/Applications/Xcode.app/Contents/Developer/Toolchains/XcodeDefault.xctoolchain/usr/bin/ld) is GNU ld
configure:4853: result: no
configure:4865: checking for BSD- or MS-compatible name lister (nm)
configure:4919: result: /usr/bin/nm
configure:5049: checking the name lister (/usr/bin/nm) interface
configure:5056: gcc -c -g -O2  conftest.c >&5
configure:5059: /usr/bin/nm "conftest.o"
configure:5062: output
0000000000000234 S _some_variable
configure:5069: result: BSD nm
configure:5072: checking whether ln -s works
configure:5076: result: yes
configure:5084: checking the maximum length of command line arguments
configure:5215: result: 196608
configure:5263: checking how to convert x86_64-apple-darwin14.0.0 file names to x86_64-apple-darwin14.0.0 format
configure:5303: result: func_convert_file_noop
configure:5310: checking how to convert x86_64-apple-darwin14.0.0 file names to toolchain format
configure:5330: result: func_convert_file_noop
configure:5337: checking for /Applications/Xcode.app/Contents/Developer/Toolchains/XcodeDefault.xctoolchain/usr/bin/ld option to reload object files
configure:5344: result: -r
configure:5418: checking for objdump
configure:5448: result: no
configure:5477: checking how to recognize dependent libraries
configure:5677: result: pass_all
configure:5762: checking for dlltool
configure:5792: result: no
configure:5822: checking how to associate runtime and link libraries
configure:5849: result: printf %s\n
configure:5910: checking for ar
configure:5926: found /usr/bin/ar
configure:5937: result: ar
configure:5974: checking for archiver @FILE support
configure:5991: gcc -c -g -O2  conftest.c >&5
configure:5991: $? = 0
configure:5994: ar cru libconftest.a @conftest.lst >&5
ar: @conftest.lst: No such file or directory
configure:5997: $? = 1
configure:6017: result: no
configure:6075: checking for strip
configure:6091: found /usr/bin/strip
configure:6102: result: strip
configure:6174: checking for ranlib
configure:6190: found /usr/bin/ranlib
configure:6201: result: ranlib
configure:6303: checking command to parse /usr/bin/nm output from gcc object
configure:6456: gcc -c -g -O2  conftest.c >&5
configure:6459: $? = 0
configure:6463: /usr/bin/nm conftest.o \| sed -n -e 's/^.*[ ]\([BCDEGRST][BCDEGRST]*\)[ ][ ]*\([_A-Za-z][_A-Za-z0-9]*\)$/\1 \2 \2/p' | sed '/ __gnu_lto/d' \> conftest.nm
configure:6466: $? = 0
cannot find nm_test_var in conftest.nm
configure:6456: gcc -c -g -O2  conftest.c >&5
configure:6459: $? = 0
configure:6463: /usr/bin/nm conftest.o \| sed -n -e 's/^.*[ ]\([BCDEGRST][BCDEGRST]*\)[ ][ ]*_\([_A-Za-z][_A-Za-z0-9]*\)$/\1 _\2 \2/p' | sed '/ __gnu_lto/d' \> conftest.nm
configure:6466: $? = 0
configure:6532: gcc -o conftest -g -O2   conftest.c conftstm.o >&5
configure:6535: $? = 0
configure:6573: result: ok
configure:6620: checking for sysroot
configure:6650: result: no
configure:6657: checking for a working dd
configure:6695: result: /bin/dd
configure:6699: checking how to truncate binary pipes
configure:6714: result: /bin/dd bs=4096 count=1
configure:7028: checking for mt
configure:7058: result: no
configure:7078: checking if : is a manifest tool
configure:7084: : '-?'
configure:7092: result: no
configure:7148: checking for dsymutil
configure:7164: found /usr/bin/dsymutil
configure:7175: result: dsymutil
configure:7240: checking for nmedit
configure:7256: found /usr/bin/nmedit
configure:7267: result: nmedit
configure:7332: checking for lipo
configure:7348: found /usr/bin/lipo
configure:7359: result: lipo
configure:7424: checking for otool
configure:7440: found /usr/bin/otool
configure:7451: result: otool
configure:7516: checking for otool64
configure:7546: result: no
configure:7591: checking for -single_module linker flag
gcc -g -O2  -o libconftest.dylib -dynamiclib -Wl,-single_module conftest.c
configure:7624: result: yes
configure:7627: checking for -exported_symbols_list linker flag
configure:7647: gcc -o conftest -g -O2   -Wl,-exported_symbols_list,conftest.sym conftest.c  >&5
configure:7647: $? = 0
configure:7657: result: yes
configure:7660: checking for -force_load linker flag
gcc -g -O2 -c -o conftest.o conftest.c
ar cru libconftest.a conftest.o
ranlib libconftest.a
gcc -g -O2  -o conftest conftest.c -Wl,-force_load,./libconftest.a
configure:7692: result: yes
configure:7734: checking how to run the C preprocessor
configure:7765: gcc -E  conftest.c
configure:7765: $? = 0
configure:7779: gcc -E  conftest.c
conftest.c:11:10: fatal error: 'ac_nonexistent.h' file not found
#include <ac_nonexistent.h>
         ^
1 error generated.
configure:7779: $? = 1
configure: failed program was:
| /* confdefs.h */
| #define PACKAGE_NAME "DircObjs"
| #define PACKAGE_TARNAME "dircobjs"
| #define PACKAGE_VERSION "0.0.1"
| #define PACKAGE_STRING "DircObjs 0.0.1"
| #define PACKAGE_BUGREPORT "wilka.carvalho@stonybrook.edu"
| #define PACKAGE_URL ""
| #define PACKAGE "dircobjs"
| #define VERSION "0.0.1"
| /* end confdefs.h.  */
| #include <ac_nonexistent.h>
configure:7804: result: gcc -E
configure:7824: gcc -E  conftest.c
configure:7824: $? = 0
configure:7838: gcc -E  conftest.c
conftest.c:11:10: fatal error: 'ac_nonexistent.h' file not found
#include <ac_nonexistent.h>
         ^
1 error generated.
configure:7838: $? = 1
configure: failed program was:
| /* confdefs.h */
| #define PACKAGE_NAME "DircObjs"
| #define PACKAGE_TARNAME "dircobjs"
| #define PACKAGE_VERSION "0.0.1"
| #define PACKAGE_STRING "DircObjs 0.0.1"
| #define PACKAGE_BUGREPORT "wilka.carvalho@stonybrook.edu"
| #define PACKAGE_URL ""
| #define PACKAGE "dircobjs"
| #define VERSION "0.0.1"
| /* end confdefs.h.  */
| #include <ac_nonexistent.h>
configure:7867: checking for ANSI C header files
configure:7887: gcc -c -g -O2  conftest.c >&5
configure:7887: $? = 0
configure:7960: gcc -o conftest -g -O2   conftest.c  >&5
configure:7960: $? = 0
configure:7960: ./conftest
configure:7960: $? = 0
configure:7971: result: yes
configure:7984: checking for sys/types.h
configure:7984: gcc -c -g -O2  conftest.c >&5
configure:7984: $? = 0
configure:7984: result: yes
configure:7984: checking for sys/stat.h
configure:7984: gcc -c -g -O2  conftest.c >&5
configure:7984: $? = 0
configure:7984: result: yes
configure:7984: checking for stdlib.h
configure:7984: gcc -c -g -O2  conftest.c >&5
configure:7984: $? = 0
configure:7984: result: yes
configure:7984: checking for string.h
configure:7984: gcc -c -g -O2  conftest.c >&5
configure:7984: $? = 0
configure:7984: result: yes
configure:7984: checking for memory.h
configure:7984: gcc -c -g -O2  conftest.c >&5
configure:7984: $? = 0
configure:7984: result: yes
configure:7984: checking for strings.h
configure:7984: gcc -c -g -O2  conftest.c >&5
configure:7984: $? = 0
configure:7984: result: yes
configure:7984: checking for inttypes.h
configure:7984: gcc -c -g -O2  conftest.c >&5
configure:7984: $? = 0
configure:7984: result: yes
configure:7984: checking for stdint.h
configure:7984: gcc -c -g -O2  conftest.c >&5
configure:7984: $? = 0
configure:7984: result: yes
configure:7984: checking for unistd.h
configure:7984: gcc -c -g -O2  conftest.c >&5
configure:7984: $? = 0
configure:7984: result: yes
configure:7998: checking for dlfcn.h
configure:7998: gcc -c -g -O2  conftest.c >&5
configure:7998: $? = 0
configure:7998: result: yes
configure:8265: checking for objdir
configure:8280: result: .libs
configure:8547: checking if gcc supports -fno-rtti -fno-exceptions
configure:8565: gcc -c -g -O2  -fno-rtti -fno-exceptions conftest.c >&5
configure:8569: $? = 0
configure:8582: result: yes
configure:8940: checking for gcc option to produce PIC
configure:8947: result: -fno-common -DPIC
configure:8955: checking if gcc PIC flag -fno-common -DPIC works
configure:8973: gcc -c -g -O2  -fno-common -DPIC -DPIC conftest.c >&5
configure:8977: $? = 0
configure:8990: result: yes
configure:9019: checking if gcc static flag -static works
configure:9047: result: no
configure:9062: checking if gcc supports -c -o file.o
configure:9083: gcc -c -g -O2  -o out/conftest2.o conftest.c >&5
configure:9087: $? = 0
configure:9109: result: yes
configure:9117: checking if gcc supports -c -o file.o
configure:9164: result: yes
configure:9197: checking whether the gcc linker (/Applications/Xcode.app/Contents/Developer/Toolchains/XcodeDefault.xctoolchain/usr/bin/ld) supports shared libraries
configure:10456: result: yes
configure:10696: checking dynamic linker characteristics
configure:11505: result: darwin14.0.0 dyld
configure:11612: checking how to hardcode library paths into programs
configure:11637: result: immediate
configure:12185: checking whether stripping libraries is possible
configure:12199: result: yes
configure:12225: checking if libtool supports shared libraries
configure:12227: result: yes
configure:12230: checking whether to build shared libraries
configure:12255: result: yes
configure:12258: checking whether to build static libraries
configure:12262: result: yes
configure:12285: checking how to run the C++ preprocessor
configure:12312: g++ -E  conftest.cpp
configure:12312: $? = 0
configure:12326: g++ -E  conftest.cpp
conftest.cpp:23:10: fatal error: 'ac_nonexistent.h' file not found
#include <ac_nonexistent.h>
         ^
1 error generated.
configure:12326: $? = 1
configure: failed program was:
| /* confdefs.h */
| #define PACKAGE_NAME "DircObjs"
| #define PACKAGE_TARNAME "dircobjs"
| #define PACKAGE_VERSION "0.0.1"
| #define PACKAGE_STRING "DircObjs 0.0.1"
| #define PACKAGE_BUGREPORT "wilka.carvalho@stonybrook.edu"
| #define PACKAGE_URL ""
| #define PACKAGE "dircobjs"
| #define VERSION "0.0.1"
| #define STDC_HEADERS 1
| #define HAVE_SYS_TYPES_H 1
| #define HAVE_SYS_STAT_H 1
| #define HAVE_STDLIB_H 1
| #define HAVE_STRING_H 1
| #define HAVE_MEMORY_H 1
| #define HAVE_STRINGS_H 1
| #define HAVE_INTTYPES_H 1
| #define HAVE_STDINT_H 1
| #define HAVE_UNISTD_H 1
| #define HAVE_DLFCN_H 1
| #define LT_OBJDIR ".libs/"
| /* end confdefs.h.  */
| #include <ac_nonexistent.h>
configure:12351: result: g++ -E
configure:12371: g++ -E  conftest.cpp
configure:12371: $? = 0
configure:12385: g++ -E  conftest.cpp
conftest.cpp:23:10: fatal error: 'ac_nonexistent.h' file not found
#include <ac_nonexistent.h>
         ^
1 error generated.
configure:12385: $? = 1
configure: failed program was:
| /* confdefs.h */
| #define PACKAGE_NAME "DircObjs"
| #define PACKAGE_TARNAME "dircobjs"
| #define PACKAGE_VERSION "0.0.1"
| #define PACKAGE_STRING "DircObjs 0.0.1"
| #define PACKAGE_BUGREPORT "wilka.carvalho@stonybrook.edu"
| #define PACKAGE_URL ""
| #define PACKAGE "dircobjs"
| #define VERSION "0.0.1"
| #define STDC_HEADERS 1
| #define HAVE_SYS_TYPES_H 1
| #define HAVE_SYS_STAT_H 1
| #define HAVE_STDLIB_H 1
| #define HAVE_STRING_H 1
| #define HAVE_MEMORY_H 1
| #define HAVE_STRINGS_H 1
| #define HAVE_INTTYPES_H 1
| #define HAVE_STDINT_H 1
| #define HAVE_UNISTD_H 1
| #define HAVE_DLFCN_H 1
| #define LT_OBJDIR ".libs/"
| /* end confdefs.h.  */
| #include <ac_nonexistent.h>
configure:12554: checking for ld used by g++
configure:12621: result: /Applications/Xcode.app/Contents/Developer/Toolchains/XcodeDefault.xctoolchain/usr/bin/ld
configure:12628: checking if the linker (/Applications/Xcode.app/Contents/Developer/Toolchains/XcodeDefault.xctoolchain/usr/bin/ld) is GNU ld
configure:12643: result: no
configure:12698: checking whether the g++ linker (/Applications/Xcode.app/Contents/Developer/Toolchains/XcodeDefault.xctoolchain/usr/bin/ld) supports shared libraries
configure:13771: result: yes
configure:13807: g++ -c -g -O2  conftest.cpp >&5
configure:13810: $? = 0
configure:14336: checking for g++ option to produce PIC
configure:14343: result: -fno-common -DPIC
configure:14351: checking if g++ PIC flag -fno-common -DPIC works
configure:14369: g++ -c -g -O2  -fno-common -DPIC -DPIC conftest.cpp >&5
configure:14373: $? = 0
configure:14386: result: yes
configure:14409: checking if g++ static flag -static works
configure:14437: result: no
configure:14449: checking if g++ supports -c -o file.o
configure:14470: g++ -c -g -O2  -o out/conftest2.o conftest.cpp >&5
configure:14474: $? = 0
configure:14496: result: yes
configure:14501: checking if g++ supports -c -o file.o
configure:14548: result: yes
configure:14578: checking whether the g++ linker (/Applications/Xcode.app/Contents/Developer/Toolchains/XcodeDefault.xctoolchain/usr/bin/ld) supports shared libraries
configure:14618: result: yes
configure:14759: checking dynamic linker characteristics
configure:15495: result: darwin14.0.0 dyld
configure:15548: checking how to hardcode library paths into programs
configure:15573: result: immediate
configure:15789: checking that generated files are newer than configure
configure:15795: result: done
configure:15822: creating ./config.status

## ---------------------- ##
## Running config.status. ##
## ---------------------- ##

This file was extended by DircObjs config.status 0.0.1, which was
generated by GNU Autoconf 2.69.  Invocation command line was

  CONFIG_FILES    = 
  CONFIG_HEADERS  = 
  CONFIG_LINKS    = 
  CONFIG_COMMANDS = 
  $ ./config.status 

on Wilkas-MacBook-Air.local

config.status:1067: creating Makefile
config.status:1067: creating DircObjs.pc
config.status:1224: executing depfiles commands
config.status:1224: executing libtool commands

## ---------------- ##
## Cache variables. ##
## ---------------- ##

ac_cv_build=x86_64-apple-darwin14.0.0
ac_cv_c_compiler_gnu=yes
ac_cv_cxx_compiler_gnu=yes
ac_cv_env_CCC_set=
ac_cv_env_CCC_value=
ac_cv_env_CC_set=
ac_cv_env_CC_value=
ac_cv_env_CFLAGS_set=
ac_cv_env_CFLAGS_value=
ac_cv_env_CPPFLAGS_set=
ac_cv_env_CPPFLAGS_value=
ac_cv_env_CPP_set=
ac_cv_env_CPP_value=
ac_cv_env_CXXCPP_set=
ac_cv_env_CXXCPP_value=
ac_cv_env_CXXFLAGS_set=
ac_cv_env_CXXFLAGS_value=
ac_cv_env_CXX_set=
ac_cv_env_CXX_value=
ac_cv_env_LDFLAGS_set=
ac_cv_env_LDFLAGS_value=
ac_cv_env_LIBS_set=
ac_cv_env_LIBS_value=
ac_cv_env_build_alias_set=
ac_cv_env_build_alias_value=
ac_cv_env_host_alias_set=
ac_cv_env_host_alias_value=
ac_cv_env_target_alias_set=
ac_cv_env_target_alias_value=
ac_cv_header_dlfcn_h=yes
ac_cv_header_inttypes_h=yes
ac_cv_header_memory_h=yes
ac_cv_header_stdc=yes
ac_cv_header_stdint_h=yes
ac_cv_header_stdlib_h=yes
ac_cv_header_string_h=yes
ac_cv_header_strings_h=yes
ac_cv_header_sys_stat_h=yes
ac_cv_header_sys_types_h=yes
ac_cv_header_unistd_h=yes
ac_cv_host=x86_64-apple-darwin14.0.0
ac_cv_objext=o
ac_cv_path_EGREP='/usr/bin/grep -E'
ac_cv_path_FGREP='/usr/bin/grep -F'
ac_cv_path_GREP=/usr/bin/grep
ac_cv_path_SED=/usr/bin/sed
ac_cv_path_install='/usr/bin/install -c'
ac_cv_path_lt_DD=/bin/dd
ac_cv_prog_AWK=gawk
ac_cv_prog_CPP='gcc -E'
ac_cv_prog_CXXCPP='g++ -E'
ac_cv_prog_ac_ct_AR=ar
ac_cv_prog_ac_ct_CC=gcc
ac_cv_prog_ac_ct_CXX=g++
ac_cv_prog_ac_ct_DSYMUTIL=dsymutil
ac_cv_prog_ac_ct_LIPO=lipo
ac_cv_prog_ac_ct_NMEDIT=nmedit
ac_cv_prog_ac_ct_OTOOL=otool
ac_cv_prog_ac_ct_RANLIB=ranlib
ac_cv_prog_ac_ct_STRIP=strip
ac_cv_prog_cc_c89=
ac_cv_prog_cc_g=yes
ac_cv_prog_cxx_g=yes
ac_cv_prog_make_make_set=yes
am_cv_CC_dependencies_compiler_type=gcc3
am_cv_CXX_dependencies_compiler_type=gcc3
am_cv_make_support_nested_variables=yes
am_cv_prog_cc_c_o=yes
lt_cv_apple_cc_single_mod=yes
lt_cv_ar_at_file=no
lt_cv_deplibs_check_method=pass_all
lt_cv_file_magic_cmd='$MAGIC_CMD'
lt_cv_file_magic_test_file=
lt_cv_ld_exported_symbols_list=yes
lt_cv_ld_force_load=yes
lt_cv_ld_reload_flag=-r
lt_cv_nm_interface='BSD nm'
lt_cv_objdir=.libs
lt_cv_path_LD=/Applications/Xcode.app/Contents/Developer/Toolchains/XcodeDefault.xctoolchain/usr/bin/ld
lt_cv_path_LDCXX=/Applications/Xcode.app/Contents/Developer/Toolchains/XcodeDefault.xctoolchain/usr/bin/ld
lt_cv_path_NM=/usr/bin/nm
lt_cv_path_mainfest_tool=no
lt_cv_prog_compiler_c_o=yes
lt_cv_prog_compiler_c_o_CXX=yes
lt_cv_prog_compiler_pic='-fno-common -DPIC'
lt_cv_prog_compiler_pic_CXX='-fno-common -DPIC'
lt_cv_prog_compiler_pic_works=yes
lt_cv_prog_compiler_pic_works_CXX=yes
lt_cv_prog_compiler_rtti_exceptions=yes
lt_cv_prog_compiler_static_works=no
lt_cv_prog_compiler_static_works_CXX=no
lt_cv_prog_gnu_ld=no
lt_cv_prog_gnu_ldcxx=no
lt_cv_sharedlib_from_linklib_cmd='printf %s\n'
lt_cv_sys_global_symbol_pipe='sed -n -e '\''s/^.*[	 ]\([BCDEGRST][BCDEGRST]*\)[	 ][	 ]*_\([_A-Za-z][_A-Za-z0-9]*\)$/\1 _\2 \2/p'\'' | sed '\''/ __gnu_lto/d'\'''
lt_cv_sys_global_symbol_to_c_name_address='sed -n -e '\''s/^: \(.*\) .*$/  {"\1", (void *) 0},/p'\'' -e '\''s/^[BCDEGRST][BCDEGRST]* .* \(.*\)$/  {"\1", (void *) \&\1},/p'\'''
lt_cv_sys_global_symbol_to_c_name_address_lib_prefix='sed -n -e '\''s/^: \(.*\) .*$/  {"\1", (void *) 0},/p'\'' -e '\''s/^[BCDEGRST][BCDEGRST]* .* \(lib.*\)$/  {"\1", (void *) \&\1},/p'\'' -e '\''s/^[BCDEGRST][BCDEGRST]* .* \(.*\)$/  {"lib\1", (void *) \&\1},/p'\'''
lt_cv_sys_global_symbol_to_cdecl='sed -n -e '\''s/^T .* \(.*\)$/extern int \1();/p'\'' -e '\''s/^[BCDEGRST][BCDEGRST]* .* \(.*\)$/extern char \1;/p'\'''
lt_cv_sys_global_symbol_to_import=
lt_cv_sys_max_cmd_len=196608
lt_cv_to_host_file_cmd=func_convert_file_noop
lt_cv_to_tool_file_cmd=func_convert_file_noop
lt_cv_truncate_bin='/bin/dd bs=4096 count=1'

## ----------------- ##
## Output variables. ##
## ----------------- ##

ACLOCAL='${SHELL} /Users/wilkacarvalho/projects/dirc/dircobjects/config/missing aclocal-1.15'
AMDEPBACKSLASH='\'
AMDEP_FALSE='#'
AMDEP_TRUE=''
AMTAR='$${TAR-tar}'
AM_BACKSLASH='\'
AM_DEFAULT_V='$(AM_DEFAULT_VERBOSITY)'
AM_DEFAULT_VERBOSITY='1'
AM_V='$(V)'
AR='ar'
AUTOCONF='${SHELL} /Users/wilkacarvalho/projects/dirc/dircobjects/config/missing autoconf'
AUTOHEADER='${SHELL} /Users/wilkacarvalho/projects/dirc/dircobjects/config/missing autoheader'
AUTOMAKE='${SHELL} /Users/wilkacarvalho/projects/dirc/dircobjects/config/missing automake-1.15'
AWK='gawk'
CC='gcc'
CCDEPMODE='depmode=gcc3'
CFLAGS='-g -O2'
CPP='gcc -E'
CPPFLAGS=' -I/Users/wilkacarvalho/Applications/root/include'
CXX='g++'
CXXCPP='g++ -E'
CXXDEPMODE='depmode=gcc3'
CXXFLAGS='-g -O2'
CYGPATH_W='echo'
DEFS='-DPACKAGE_NAME=\"DircObjs\" -DPACKAGE_TARNAME=\"dircobjs\" -DPACKAGE_VERSION=\"0.0.1\" -DPACKAGE_STRING=\"DircObjs\ 0.0.1\" -DPACKAGE_BUGREPORT=\"wilka.carvalho@stonybrook.edu\" -DPACKAGE_URL=\"\" -DPACKAGE=\"dircobjs\" -DVERSION=\"0.0.1\" -DSTDC_HEADERS=1 -DHAVE_SYS_TYPES_H=1 -DHAVE_SYS_STAT_H=1 -DHAVE_STDLIB_H=1 -DHAVE_STRING_H=1 -DHAVE_MEMORY_H=1 -DHAVE_STRINGS_H=1 -DHAVE_INTTYPES_H=1 -DHAVE_STDINT_H=1 -DHAVE_UNISTD_H=1 -DHAVE_DLFCN_H=1 -DLT_OBJDIR=\".libs/\"'
DEPDIR='.deps'
DLLTOOL='false'
DSYMUTIL='dsymutil'
DUMPBIN=''
ECHO_C='\c'
ECHO_N=''
ECHO_T=''
EGREP='/usr/bin/grep -E'
EXEEXT=''
FGREP='/usr/bin/grep -F'
GREP='/usr/bin/grep'
INSTALL_DATA='${INSTALL} -m 644'
INSTALL_PROGRAM='${INSTALL}'
INSTALL_SCRIPT='${INSTALL}'
INSTALL_STRIP_PROGRAM='$(install_sh) -c -s'
LD='/Applications/Xcode.app/Contents/Developer/Toolchains/XcodeDefault.xctoolchain/usr/bin/ld'
LDFLAGS=''
LIBOBJS=''
LIBS=''
LIBTOOL='$(SHELL) $(top_builddir)/libtool'
LIPO='lipo'
LN_S='ln -s'
LTLIBOBJS=''
MAKEINFO='${SHELL} /Users/wilkacarvalho/projects/dirc/dircobjects/config/missing makeinfo'
MANIFEST_TOOL=':'
MKDIR_P='../config/install-sh -c -d'
NM='/usr/bin/nm'
NMEDIT='nmedit'
OBJDUMP='false'
OBJEXT='o'
OTOOL64=':'
OTOOL='otool'
PACKAGE='dircobjs'
PACKAGE_BUGREPORT='wilka.carvalho@stonybrook.edu'
PACKAGE_NAME='DircObjs'
PACKAGE_STRING='DircObjs 0.0.1'
PACKAGE_TARNAME='dircobjs'
PACKAGE_URL=''
PACKAGE_VERSION='0.0.1'
PATH_SEPARATOR=':'
RANLIB='ranlib'
ROOT_LIBS='-L/Users/wilkacarvalho/Applications/root/lib -lCore -lCint -lRIO -lNet -lHist -lGraf -lGraf3d -lGpad -lTree -lRint -lPostscript -lMatrix -lPhysics -lMathCore -lThread -lpthread -Wl,-rpath,/Users/wilkacarvalho/Applications/root/lib -stdlib=libc++ -lm -ldl'
SED='/usr/bin/sed'
SET_MAKE=''
SHELL='/bin/sh'
STRIP='strip'
VERSION='0.0.1'
ac_ct_AR='ar'
ac_ct_CC='gcc'
ac_ct_CXX='g++'
ac_ct_DUMPBIN=''
am__EXEEXT_FALSE=''
am__EXEEXT_TRUE='#'
am__fastdepCC_FALSE='#'
am__fastdepCC_TRUE=''
am__fastdepCXX_FALSE='#'
am__fastdepCXX_TRUE=''
am__include='include'
am__isrc=' -I$(srcdir)'
am__leading_dot='.'
am__nodep='_no'
am__quote=''
am__tar='$${TAR-tar} chof - "$$tardir"'
am__untar='$${TAR-tar} xf -'
bindir='${exec_prefix}/bin'
build='x86_64-apple-darwin14.0.0'
build_alias=''
build_cpu='x86_64'
build_os='darwin14.0.0'
build_vendor='apple'
datadir='${datarootdir}'
datarootdir='${prefix}/share'
docdir='${datarootdir}/doc/${PACKAGE_TARNAME}'
dvidir='${docdir}'
exec_prefix='${prefix}'
host='x86_64-apple-darwin14.0.0'
host_alias=''
host_cpu='x86_64'
host_os='darwin14.0.0'
host_vendor='apple'
htmldir='${docdir}'
includedir='${prefix}/include'
infodir='${datarootdir}/info'
install_sh='${SHELL} /Users/wilkacarvalho/projects/dirc/dircobjects/config/install-sh'
libdir='${exec_prefix}/lib'
libexecdir='${exec_prefix}/libexec'
localedir='${datarootdir}/locale'
localstatedir='${prefix}/var'
mandir='${datarootdir}/man'
mkdir_p='$(MKDIR_P)'
oldincludedir='/usr/include'
pdfdir='${docdir}'
prefix='/Users/wilkacarvalho/libraries'
program_transform_name='s,x,x,'
psdir='${docdir}'
sbindir='${exec_prefix}/sbin'
sharedstatedir='${prefix}/com'
sysconfdir='${prefix}/etc'
target_alias=''

## ----------- ##
## confdefs.h. ##
## ----------- ##

/* confdefs.h */
#define PACKAGE_NAME "DircObjs"
#define PACKAGE_TARNAME "dircobjs"
#define PACKAGE_VERSION "0.0.1"
#define PACKAGE_STRING "DircObjs 0.0.1"
#define PACKAGE_BUGREPORT "wilka.carvalho@stonybrook.edu"
#define PACKAGE_URL ""
#define PACKAGE "dircobjs"
#define VERSION "0.0.1"
#define STDC_HEADERS 1
#define HAVE_SYS_TYPES_H 1
#define HAVE_SYS_STAT_H 1
#define HAVE_STDLIB_H 1
#define HAVE_STRING_H 1
#define HAVE_MEMORY_H 1
#define HAVE_STRINGS_H 1
#define HAVE_INTTYPES_H 1
#define HAVE_STDINT_H 1
#define HAVE_UNISTD_H 1
#define HAVE_DLFCN_H 1
#define LT_OBJDIR ".libs/"

configure: exit 0
